<?xml version="1.0" encoding="UTF-8"?>
<!-- Generated by org.testng.reporters.JUnitReportReporter -->
<testsuite hostname="LAPTOP-C7EHRFH9" failures="0" tests="1" name="testCase.TC_05CreatenewLead" time="15.379" errors="0" timestamp="2023-06-27T21:10:22 IST" skipped="0">
  <testcase classname="testCase.TC_05CreatenewLead" name="TC_05" time="15.379"/>
</testsuite> <!-- testCase.TC_05CreatenewLead -->
