<?xml version="1.0" encoding="UTF-8"?>
<!-- Generated by org.testng.reporters.JUnitReportReporter -->
<testsuite hostname="LAPTOP-C7EHRFH9" failures="0" tests="1" name="practise.p" time="5.452" errors="0" timestamp="2023-06-25T17:07:50 IST" skipped="0">
  <testcase classname="practise.p" name="a" time="5.452"/>
</testsuite> <!-- practise.p -->
