<?xml version="1.0" encoding="UTF-8"?>
<!-- Generated by org.testng.reporters.JUnitReportReporter -->
<testsuite hostname="LAPTOP-C7EHRFH9" failures="0" tests="1" name="testCase.TC_10CreateDuplicateAndDeleteLead" time="34.311" errors="0" timestamp="2023-06-28T10:01:32 IST" skipped="0">
  <testcase classname="testCase.TC_10CreateDuplicateAndDeleteLead" name="TC_10" time="34.311"/>
</testsuite> <!-- testCase.TC_10CreateDuplicateAndDeleteLead -->
