<?xml version="1.0" encoding="UTF-8"?>
<!-- Generated by org.testng.reporters.JUnitReportReporter -->
<testsuite hostname="LAPTOP-C7EHRFH9" failures="0" tests="1" name="testCase.TC_07QuickCreate" time="13.368" errors="0" timestamp="2023-06-27T21:10:22 IST" skipped="0">
  <testcase classname="testCase.TC_07QuickCreate" name="TC_07" time="13.368"/>
</testsuite> <!-- testCase.TC_07QuickCreate -->
