<?xml version="1.0" encoding="UTF-8"?>
<!-- Generated by org.testng.reporters.JUnitReportReporter -->
<testsuite hostname="LAPTOP-C7EHRFH9" failures="0" tests="1" name="testCase.TC_03CreateContactWithMandatoryField" time="17.947" errors="0" timestamp="2023-06-25T16:29:18 IST" skipped="0">
  <testcase classname="testCase.TC_03CreateContactWithMandatoryField" name="TC_03" time="17.947"/>
</testsuite> <!-- testCase.TC_03CreateContactWithMandatoryField -->
