<?xml version="1.0" encoding="UTF-8"?>
<!-- Generated by org.testng.reporters.JUnitReportReporter -->
<testsuite hostname="LAPTOP-C7EHRFH9" failures="0" tests="1" name="testCase.TC_02createContact" time="16.523" errors="0" timestamp="2023-06-27T21:10:22 IST" skipped="0">
  <testcase classname="testCase.TC_02createContact" name="TC_02" time="16.523"/>
</testsuite> <!-- testCase.TC_02createContact -->
